ts=21:57:17  state=social  dB=-96.4  floor=-60.0  Δ=10.0  thr=-50.0  mood=0.48  circ=1.16  onset=False  heat=0.0  t_in_state=0.8  action=warmup_social_tap:77ms:ACK
ts=21:57:19  state=social  dB=-67.5  floor=-60.0  Δ=10.0  thr=-50.0  mood=0.47  circ=1.16  onset=False  heat=0.105  t_in_state=3.3  action=warmup_chatter:5x9ms/58ms:ACK
ts=21:57:22  state=social  dB=-53.5  floor=-60.0  Δ=10.0  thr=-50.0  mood=0.48  circ=1.16  onset=False  heat=0.15  t_in_state=5.6  action=warmup_social_tap:77ms:ACK
ts=21:57:24  state=social  dB=-49.2  floor=-60.0  Δ=10.0  thr=-50.0  mood=0.48  circ=1.16  onset=False  heat=0.266  t_in_state=7.4  action=warmup_chatter:3x8ms/84ms:ACK
ts=21:57:26  state=social  dB=-45.6  floor=-60.0  Δ=10.0  thr=-50.0  mood=0.5  circ=1.16  onset=False  heat=0.27  t_in_state=9.6  action=warmup_social_tap:52ms:ACK
ts=21:57:28  state=social  dB=-44.3  floor=-60.0  Δ=10.0  thr=-50.0  mood=0.5  circ=1.16  onset=False  heat=0.331  t_in_state=11.8  action=warmup
ts=21:57:30  state=social  dB=-42.1  floor=-60.0  Δ=10.0  thr=-50.0  mood=0.52  circ=1.16  onset=False  heat=0.286  t_in_state=14.0  action=warmup
ts=21:57:32  state=social  dB=-41.7  floor=-60.0  Δ=10.0  thr=-50.0  mood=0.53  circ=1.16  onset=False  heat=0.258  t_in_state=15.5  action=warmup
ts=21:57:33  state=social  dB=-41.7  floor=-60.0  Δ=10.0  thr=-50.0  mood=0.54  circ=1.16  onset=False  heat=0.224  t_in_state=17.1  action=warmup
ts=21:57:35  state=social  dB=-41.4  floor=-53.5  Δ=10.0  thr=-43.5  mood=0.54  circ=1.16  onset=False  heat=0.181  t_in_state=19.3  action=warmup
ts=21:57:37  state=social  dB=-41.4  floor=-53.5  Δ=10.0  thr=-43.5  mood=0.55  circ=1.16  onset=False  heat=0.142  t_in_state=21.3  action=warmup
ts=21:57:40  state=social  dB=-38.9  floor=-53.5  Δ=10.0  thr=-43.5  mood=0.55  circ=1.16  onset=False  heat=0.095  t_in_state=23.6  action=warmup_chatter:3x12ms/78ms:ACK
ts=21:57:42  state=social  dB=-39.9  floor=-53.5  Δ=10.0  thr=-43.5  mood=0.58  circ=1.16  onset=False  heat=0.123  t_in_state=25.8  action=warmup
ts=21:57:44  state=social  dB=-39.6  floor=-53.5  Δ=10.0  thr=-43.5  mood=0.58  circ=1.16  onset=False  heat=0.082  t_in_state=27.8  action=warmup
ts=21:57:46  state=social  dB=-40.9  floor=-49.2  Δ=10.0  thr=-39.2  mood=0.59  circ=1.16  onset=False  heat=0.038  t_in_state=30.0  action=warmup_chatter:4x11ms/64ms:ACK
ts=21:57:49  state=social  dB=-41.6  floor=-49.2  Δ=10.0  thr=-39.2  mood=0.59  circ=1.16  onset=False  heat=0.069  t_in_state=32.9  action=warmup_chatter:4x10ms/52ms:ACK
ts=21:57:52  state=social  dB=-40.9  floor=-49.2  Δ=10.0  thr=-39.2  mood=0.61  circ=1.16  onset=False  heat=0.094  t_in_state=35.6  action=warmup_social_tap:40ms:ACK
ts=21:57:53  state=social  dB=-41.1  floor=-49.2  Δ=10.0  thr=-39.2  mood=0.62  circ=1.16  onset=False  heat=0.141  t_in_state=37.3  action=warmup
ts=21:57:56  state=social  dB=-40.9  floor=-49.2  Δ=10.0  thr=-39.2  mood=0.59  circ=1.16  onset=False  heat=0.098  t_in_state=39.5  action=warmup
ts=21:57:58  state=social  dB=-41.3  floor=-45.6  Δ=10.0  thr=-35.6  mood=0.57  circ=1.16  onset=False  heat=0.048  t_in_state=42.0  action=abstain:mood
ts=21:58:00  state=social  dB=-41.4  floor=-45.6  Δ=10.0  thr=-35.6  mood=0.54  circ=1.16  onset=False  heat=0.016  t_in_state=43.6  action=abstain:mood
ts=21:58:02  state=social  dB=-41.7  floor=-45.6  Δ=10.0  thr=-35.6  mood=0.56  circ=1.16  onset=False  heat=0.0  t_in_state=45.5  action=abstain:mood
ts=21:58:03  state=social  dB=-41.5  floor=-45.6  Δ=10.0  thr=-35.6  mood=0.57  circ=1.16  onset=False  heat=0.0  t_in_state=47.3  action=abstain:mood
ts=21:58:05  state=social  dB=-41.2  floor=-45.6  Δ=10.0  thr=-35.6  mood=0.57  circ=1.16  onset=False  heat=0.0  t_in_state=49.2  action=social_tap:55ms:ACK
ts=21:58:08  state=social  dB=-41.6  floor=-44.3  Δ=10.0  thr=-34.3  mood=0.58  circ=1.16  onset=False  heat=0.057  t_in_state=51.9  action=abstain:mood
ts=21:58:10  state=social  dB=-41.2  floor=-44.3  Δ=10.0  thr=-34.3  mood=0.58  circ=1.16  onset=False  heat=0.023  t_in_state=53.6  action=abstain:mood
ts=21:58:11  state=social  dB=-41.5  floor=-44.3  Δ=10.0  thr=-34.3  mood=0.59  circ=1.16  onset=False  heat=0.0  t_in_state=55.0  action=chatter:3x13ms/65ms:ACK
ts=21:58:13  state=social  dB=-40.5  floor=-44.3  Δ=10.0  thr=-34.3  mood=0.59  circ=1.16  onset=False  heat=0.041  t_in_state=56.8  action=social_tap:44ms:ACK
ts=21:58:15  state=social  dB=-40.7  floor=-44.3  Δ=10.0  thr=-34.3  mood=0.59  circ=1.16  onset=False  heat=0.088  t_in_state=58.9  action=abstain:mood
